21-01-15 12:29:51.840 : => Import libs
21-01-15 12:29:58.196 : => Set dataloader
21-01-15 12:30:04.381 : => Make models and load checkpoint
21-01-15 12:30:10.346 : Loading pytorch model from `Models/pretrain/ProGAN_pt_mixtureData_GAN_MSGAN.pth`.
21-01-15 12:30:11.274 : Successfully loaded!
21-01-15 12:30:11.292 :   `lod` of the loaded model is 0.0.
21-01-15 12:30:20.506 : ===> Use 4 GPUs
21-01-15 12:30:21.997 : => Set loss
21-01-15 12:30:21.997 : => Set optimizer
21-01-15 12:30:21.998 : => Begin to train the model
21-01-15 12:31:43.655 : [Epoch: 0/300] [Learning Rate: 0.0001000] | [L1_loss: 8.44886] [cos_loss: 0.93315] [loss: 8.44886] 
21-01-15 12:31:44.703 : ===> Save checkpoint at ./ckp/mapping/Mapping_Xencoder_wo-class_ProGAN_GAN_MSGAN_deepArch_multi-gt_v4/MappingNet_Batchsize_32_Epoch_0.pth
21-01-15 12:32:38.113 : [Epoch: 1/300] [Learning Rate: 0.0001000] | [L1_loss: 7.83164] [cos_loss: 0.79121] [loss: 7.83164] 
21-01-15 12:33:31.869 : [Epoch: 2/300] [Learning Rate: 0.0001000] | [L1_loss: 7.61007] [cos_loss: 0.75562] [loss: 7.61007] 
21-01-15 12:33:33.536 : ===> Save checkpoint at ./ckp/mapping/Mapping_Xencoder_wo-class_ProGAN_GAN_MSGAN_deepArch_multi-gt_v4/MappingNet_Batchsize_32_Epoch_2.pth
21-01-15 12:34:28.360 : [Epoch: 3/300] [Learning Rate: 0.0001000] | [L1_loss: 7.30639] [cos_loss: 0.70616] [loss: 7.30639] 
21-01-15 12:35:22.666 : [Epoch: 4/300] [Learning Rate: 0.0001000] | [L1_loss: 6.99149] [cos_loss: 0.64309] [loss: 6.99149] 
21-01-15 12:35:23.025 : ===> Save checkpoint at ./ckp/mapping/Mapping_Xencoder_wo-class_ProGAN_GAN_MSGAN_deepArch_multi-gt_v4/MappingNet_Batchsize_32_Epoch_4.pth
21-01-15 12:36:17.005 : [Epoch: 5/300] [Learning Rate: 0.0001000] | [L1_loss: 6.62117] [cos_loss: 0.57185] [loss: 6.62117] 
21-01-15 12:37:11.650 : [Epoch: 6/300] [Learning Rate: 0.0001000] | [L1_loss: 6.26273] [cos_loss: 0.51029] [loss: 6.26273] 
21-01-15 12:37:11.883 : ===> Save checkpoint at ./ckp/mapping/Mapping_Xencoder_wo-class_ProGAN_GAN_MSGAN_deepArch_multi-gt_v4/MappingNet_Batchsize_32_Epoch_6.pth
21-01-15 12:38:06.276 : [Epoch: 7/300] [Learning Rate: 0.0001000] | [L1_loss: 5.95282] [cos_loss: 0.45862] [loss: 5.95282] 
21-01-15 12:39:00.145 : [Epoch: 8/300] [Learning Rate: 0.0001000] | [L1_loss: 5.65321] [cos_loss: 0.41252] [loss: 5.65321] 
21-01-15 12:39:00.397 : ===> Save checkpoint at ./ckp/mapping/Mapping_Xencoder_wo-class_ProGAN_GAN_MSGAN_deepArch_multi-gt_v4/MappingNet_Batchsize_32_Epoch_8.pth
21-01-15 12:39:54.525 : [Epoch: 9/300] [Learning Rate: 0.0001000] | [L1_loss: 5.39668] [cos_loss: 0.37683] [loss: 5.39668] 
21-01-15 12:40:48.733 : [Epoch: 10/300] [Learning Rate: 0.0001000] | [L1_loss: 5.18774] [cos_loss: 0.34984] [loss: 5.18774] 
21-01-15 12:40:49.164 : ===> Save checkpoint at ./ckp/mapping/Mapping_Xencoder_wo-class_ProGAN_GAN_MSGAN_deepArch_multi-gt_v4/MappingNet_Batchsize_32_Epoch_10.pth
21-01-15 12:41:45.084 : [Epoch: 11/300] [Learning Rate: 0.0001000] | [L1_loss: 4.96971] [cos_loss: 0.32451] [loss: 4.96971] 
21-01-15 12:42:39.489 : [Epoch: 12/300] [Learning Rate: 0.0001000] | [L1_loss: 4.75431] [cos_loss: 0.29867] [loss: 4.75431] 
21-01-15 12:42:40.627 : ===> Save checkpoint at ./ckp/mapping/Mapping_Xencoder_wo-class_ProGAN_GAN_MSGAN_deepArch_multi-gt_v4/MappingNet_Batchsize_32_Epoch_12.pth
21-01-15 12:43:35.188 : [Epoch: 13/300] [Learning Rate: 0.0001000] | [L1_loss: 4.59893] [cos_loss: 0.28115] [loss: 4.59893] 
21-01-15 12:44:28.695 : [Epoch: 14/300] [Learning Rate: 0.0001000] | [L1_loss: 4.44353] [cos_loss: 0.26423] [loss: 4.44353] 
21-01-15 12:44:29.934 : ===> Save checkpoint at ./ckp/mapping/Mapping_Xencoder_wo-class_ProGAN_GAN_MSGAN_deepArch_multi-gt_v4/MappingNet_Batchsize_32_Epoch_14.pth
21-01-15 12:45:23.648 : [Epoch: 15/300] [Learning Rate: 0.0001000] | [L1_loss: 4.31341] [cos_loss: 0.25123] [loss: 4.31341] 
21-01-15 12:46:18.121 : [Epoch: 16/300] [Learning Rate: 0.0001000] | [L1_loss: 4.22519] [cos_loss: 0.23966] [loss: 4.22519] 
21-01-15 12:46:18.377 : ===> Save checkpoint at ./ckp/mapping/Mapping_Xencoder_wo-class_ProGAN_GAN_MSGAN_deepArch_multi-gt_v4/MappingNet_Batchsize_32_Epoch_16.pth
21-01-15 12:47:12.927 : [Epoch: 17/300] [Learning Rate: 0.0001000] | [L1_loss: 4.08025] [cos_loss: 0.22785] [loss: 4.08025] 
21-01-15 12:48:06.678 : [Epoch: 18/300] [Learning Rate: 0.0001000] | [L1_loss: 3.97502] [cos_loss: 0.21643] [loss: 3.97502] 
21-01-15 12:48:08.339 : ===> Save checkpoint at ./ckp/mapping/Mapping_Xencoder_wo-class_ProGAN_GAN_MSGAN_deepArch_multi-gt_v4/MappingNet_Batchsize_32_Epoch_18.pth
21-01-15 12:49:02.106 : [Epoch: 19/300] [Learning Rate: 0.0001000] | [L1_loss: 3.86156] [cos_loss: 0.20648] [loss: 3.86156] 
21-01-15 12:49:54.585 : [Epoch: 20/300] [Learning Rate: 0.0001000] | [L1_loss: 3.76423] [cos_loss: 0.19841] [loss: 3.76423] 
21-01-15 12:49:55.609 : ===> Save checkpoint at ./ckp/mapping/Mapping_Xencoder_wo-class_ProGAN_GAN_MSGAN_deepArch_multi-gt_v4/MappingNet_Batchsize_32_Epoch_20.pth
21-01-15 12:50:54.411 : [Epoch: 21/300] [Learning Rate: 0.0001000] | [L1_loss: 3.69293] [cos_loss: 0.19095] [loss: 3.69293] 
21-01-15 12:51:48.936 : [Epoch: 22/300] [Learning Rate: 0.0001000] | [L1_loss: 3.61653] [cos_loss: 0.18403] [loss: 3.61653] 
21-01-15 12:51:49.954 : ===> Save checkpoint at ./ckp/mapping/Mapping_Xencoder_wo-class_ProGAN_GAN_MSGAN_deepArch_multi-gt_v4/MappingNet_Batchsize_32_Epoch_22.pth
21-01-15 12:52:44.022 : [Epoch: 23/300] [Learning Rate: 0.0001000] | [L1_loss: 3.57934] [cos_loss: 0.17984] [loss: 3.57934] 
21-01-15 12:53:38.072 : [Epoch: 24/300] [Learning Rate: 0.0001000] | [L1_loss: 3.51611] [cos_loss: 0.17357] [loss: 3.51611] 
21-01-15 12:53:39.324 : ===> Save checkpoint at ./ckp/mapping/Mapping_Xencoder_wo-class_ProGAN_GAN_MSGAN_deepArch_multi-gt_v4/MappingNet_Batchsize_32_Epoch_24.pth
21-01-15 12:54:34.135 : [Epoch: 25/300] [Learning Rate: 0.0001000] | [L1_loss: 3.41536] [cos_loss: 0.16713] [loss: 3.41536] 
21-01-15 12:55:28.513 : [Epoch: 26/300] [Learning Rate: 0.0001000] | [L1_loss: 3.34458] [cos_loss: 0.16052] [loss: 3.34458] 
21-01-15 12:55:28.898 : ===> Save checkpoint at ./ckp/mapping/Mapping_Xencoder_wo-class_ProGAN_GAN_MSGAN_deepArch_multi-gt_v4/MappingNet_Batchsize_32_Epoch_26.pth
21-01-15 12:56:22.985 : [Epoch: 27/300] [Learning Rate: 0.0001000] | [L1_loss: 3.29814] [cos_loss: 0.15644] [loss: 3.29814] 
21-01-15 12:57:17.966 : [Epoch: 28/300] [Learning Rate: 0.0001000] | [L1_loss: 3.24987] [cos_loss: 0.15227] [loss: 3.24987] 
21-01-15 12:57:19.104 : ===> Save checkpoint at ./ckp/mapping/Mapping_Xencoder_wo-class_ProGAN_GAN_MSGAN_deepArch_multi-gt_v4/MappingNet_Batchsize_32_Epoch_28.pth
21-01-15 12:58:16.027 : [Epoch: 29/300] [Learning Rate: 0.0001000] | [L1_loss: 3.22334] [cos_loss: 0.14911] [loss: 3.22334] 
21-01-15 12:59:10.450 : [Epoch: 30/300] [Learning Rate: 0.0001000] | [L1_loss: 3.15589] [cos_loss: 0.14480] [loss: 3.15589] 
21-01-15 12:59:11.789 : ===> Save checkpoint at ./ckp/mapping/Mapping_Xencoder_wo-class_ProGAN_GAN_MSGAN_deepArch_multi-gt_v4/MappingNet_Batchsize_32_Epoch_30.pth
21-01-15 13:00:05.882 : [Epoch: 31/300] [Learning Rate: 0.0001000] | [L1_loss: 3.11295] [cos_loss: 0.14210] [loss: 3.11295] 
21-01-15 13:01:01.416 : [Epoch: 32/300] [Learning Rate: 0.0001000] | [L1_loss: 3.08063] [cos_loss: 0.13949] [loss: 3.08063] 
21-01-15 13:01:02.466 : ===> Save checkpoint at ./ckp/mapping/Mapping_Xencoder_wo-class_ProGAN_GAN_MSGAN_deepArch_multi-gt_v4/MappingNet_Batchsize_32_Epoch_32.pth
21-01-15 13:01:56.522 : [Epoch: 33/300] [Learning Rate: 0.0001000] | [L1_loss: 2.99217] [cos_loss: 0.13208] [loss: 2.99217] 
21-01-15 13:02:50.701 : [Epoch: 34/300] [Learning Rate: 0.0001000] | [L1_loss: 2.95756] [cos_loss: 0.13013] [loss: 2.95756] 
21-01-15 13:02:51.703 : ===> Save checkpoint at ./ckp/mapping/Mapping_Xencoder_wo-class_ProGAN_GAN_MSGAN_deepArch_multi-gt_v4/MappingNet_Batchsize_32_Epoch_34.pth
21-01-15 13:03:46.205 : [Epoch: 35/300] [Learning Rate: 0.0001000] | [L1_loss: 2.90717] [cos_loss: 0.12651] [loss: 2.90717] 
21-01-15 13:04:40.411 : [Epoch: 36/300] [Learning Rate: 0.0001000] | [L1_loss: 2.86965] [cos_loss: 0.12455] [loss: 2.86965] 
21-01-15 13:04:40.660 : ===> Save checkpoint at ./ckp/mapping/Mapping_Xencoder_wo-class_ProGAN_GAN_MSGAN_deepArch_multi-gt_v4/MappingNet_Batchsize_32_Epoch_36.pth
21-01-15 13:05:35.413 : [Epoch: 37/300] [Learning Rate: 0.0001000] | [L1_loss: 2.84124] [cos_loss: 0.12055] [loss: 2.84124] 
21-01-15 13:06:29.345 : [Epoch: 38/300] [Learning Rate: 0.0001000] | [L1_loss: 2.81131] [cos_loss: 0.11908] [loss: 2.81131] 
21-01-15 13:06:29.594 : ===> Save checkpoint at ./ckp/mapping/Mapping_Xencoder_wo-class_ProGAN_GAN_MSGAN_deepArch_multi-gt_v4/MappingNet_Batchsize_32_Epoch_38.pth
21-01-15 13:07:23.566 : [Epoch: 39/300] [Learning Rate: 0.0001000] | [L1_loss: 2.74685] [cos_loss: 0.11525] [loss: 2.74685] 
21-01-15 13:08:17.864 : [Epoch: 40/300] [Learning Rate: 0.0001000] | [L1_loss: 2.71841] [cos_loss: 0.11270] [loss: 2.71841] 
21-01-15 13:08:19.051 : ===> Save checkpoint at ./ckp/mapping/Mapping_Xencoder_wo-class_ProGAN_GAN_MSGAN_deepArch_multi-gt_v4/MappingNet_Batchsize_32_Epoch_40.pth
21-01-15 13:09:14.384 : [Epoch: 41/300] [Learning Rate: 0.0001000] | [L1_loss: 2.69741] [cos_loss: 0.11203] [loss: 2.69741] 
21-01-15 13:10:08.915 : [Epoch: 42/300] [Learning Rate: 0.0001000] | [L1_loss: 2.68702] [cos_loss: 0.10994] [loss: 2.68702] 
21-01-15 13:10:10.744 : ===> Save checkpoint at ./ckp/mapping/Mapping_Xencoder_wo-class_ProGAN_GAN_MSGAN_deepArch_multi-gt_v4/MappingNet_Batchsize_32_Epoch_42.pth
21-01-15 13:11:04.095 : [Epoch: 43/300] [Learning Rate: 0.0001000] | [L1_loss: 2.69035] [cos_loss: 0.10965] [loss: 2.69035] 
21-01-15 13:11:55.892 : [Epoch: 44/300] [Learning Rate: 0.0001000] | [L1_loss: 2.63498] [cos_loss: 0.10706] [loss: 2.63498] 
21-01-15 13:11:56.798 : ===> Save checkpoint at ./ckp/mapping/Mapping_Xencoder_wo-class_ProGAN_GAN_MSGAN_deepArch_multi-gt_v4/MappingNet_Batchsize_32_Epoch_44.pth
21-01-15 13:12:49.982 : [Epoch: 45/300] [Learning Rate: 0.0001000] | [L1_loss: 2.62244] [cos_loss: 0.10596] [loss: 2.62244] 
21-01-15 13:13:43.536 : [Epoch: 46/300] [Learning Rate: 0.0001000] | [L1_loss: 2.57303] [cos_loss: 0.10223] [loss: 2.57303] 
21-01-15 13:13:45.153 : ===> Save checkpoint at ./ckp/mapping/Mapping_Xencoder_wo-class_ProGAN_GAN_MSGAN_deepArch_multi-gt_v4/MappingNet_Batchsize_32_Epoch_46.pth
21-01-15 13:14:38.744 : [Epoch: 47/300] [Learning Rate: 0.0001000] | [L1_loss: 2.53252] [cos_loss: 0.10027] [loss: 2.53252] 
21-01-15 13:15:32.082 : [Epoch: 48/300] [Learning Rate: 0.0001000] | [L1_loss: 2.51436] [cos_loss: 0.09983] [loss: 2.51436] 
21-01-15 13:15:34.234 : ===> Save checkpoint at ./ckp/mapping/Mapping_Xencoder_wo-class_ProGAN_GAN_MSGAN_deepArch_multi-gt_v4/MappingNet_Batchsize_32_Epoch_48.pth
21-01-15 13:16:27.615 : [Epoch: 49/300] [Learning Rate: 0.0001000] | [L1_loss: 2.47178] [cos_loss: 0.09691] [loss: 2.47178] 
21-01-15 13:17:21.951 : [Epoch: 50/300] [Learning Rate: 0.0001000] | [L1_loss: 2.45051] [cos_loss: 0.09389] [loss: 2.45051] 
21-01-15 13:17:23.039 : ===> Save checkpoint at ./ckp/mapping/Mapping_Xencoder_wo-class_ProGAN_GAN_MSGAN_deepArch_multi-gt_v4/MappingNet_Batchsize_32_Epoch_50.pth
21-01-15 13:18:16.939 : [Epoch: 51/300] [Learning Rate: 0.0001000] | [L1_loss: 2.42158] [cos_loss: 0.09337] [loss: 2.42158] 
21-01-15 13:19:10.896 : [Epoch: 52/300] [Learning Rate: 0.0001000] | [L1_loss: 2.40319] [cos_loss: 0.09255] [loss: 2.40319] 
21-01-15 13:19:12.761 : ===> Save checkpoint at ./ckp/mapping/Mapping_Xencoder_wo-class_ProGAN_GAN_MSGAN_deepArch_multi-gt_v4/MappingNet_Batchsize_32_Epoch_52.pth
21-01-15 13:20:07.822 : [Epoch: 53/300] [Learning Rate: 0.0001000] | [L1_loss: 2.40536] [cos_loss: 0.09250] [loss: 2.40536] 
21-01-15 13:21:01.711 : [Epoch: 54/300] [Learning Rate: 0.0001000] | [L1_loss: 2.39064] [cos_loss: 0.09115] [loss: 2.39064] 
21-01-15 13:21:03.081 : ===> Save checkpoint at ./ckp/mapping/Mapping_Xencoder_wo-class_ProGAN_GAN_MSGAN_deepArch_multi-gt_v4/MappingNet_Batchsize_32_Epoch_54.pth
21-01-15 13:21:57.375 : [Epoch: 55/300] [Learning Rate: 0.0001000] | [L1_loss: 2.34033] [cos_loss: 0.08801] [loss: 2.34033] 
21-01-15 13:22:51.460 : [Epoch: 56/300] [Learning Rate: 0.0001000] | [L1_loss: 2.33538] [cos_loss: 0.08794] [loss: 2.33538] 
21-01-15 13:22:52.352 : ===> Save checkpoint at ./ckp/mapping/Mapping_Xencoder_wo-class_ProGAN_GAN_MSGAN_deepArch_multi-gt_v4/MappingNet_Batchsize_32_Epoch_56.pth
21-01-15 13:23:46.340 : [Epoch: 57/300] [Learning Rate: 0.0001000] | [L1_loss: 2.35144] [cos_loss: 0.08898] [loss: 2.35144] 
21-01-15 13:24:40.339 : [Epoch: 58/300] [Learning Rate: 0.0001000] | [L1_loss: 2.32855] [cos_loss: 0.08644] [loss: 2.32855] 
21-01-15 13:24:41.487 : ===> Save checkpoint at ./ckp/mapping/Mapping_Xencoder_wo-class_ProGAN_GAN_MSGAN_deepArch_multi-gt_v4/MappingNet_Batchsize_32_Epoch_58.pth
21-01-15 13:25:35.693 : [Epoch: 59/300] [Learning Rate: 0.0001000] | [L1_loss: 2.31860] [cos_loss: 0.08578] [loss: 2.31860] 
21-01-15 13:26:30.351 : [Epoch: 60/300] [Learning Rate: 0.0001000] | [L1_loss: 2.28962] [cos_loss: 0.08481] [loss: 2.28962] 
21-01-15 13:26:31.650 : ===> Save checkpoint at ./ckp/mapping/Mapping_Xencoder_wo-class_ProGAN_GAN_MSGAN_deepArch_multi-gt_v4/MappingNet_Batchsize_32_Epoch_60.pth
21-01-15 13:27:26.887 : [Epoch: 61/300] [Learning Rate: 0.0000500] | [L1_loss: 2.03351] [cos_loss: 0.07199] [loss: 2.03351] 
21-01-15 13:28:20.880 : [Epoch: 62/300] [Learning Rate: 0.0000500] | [L1_loss: 1.80031] [cos_loss: 0.06463] [loss: 1.80031] 
21-01-15 13:28:21.796 : ===> Save checkpoint at ./ckp/mapping/Mapping_Xencoder_wo-class_ProGAN_GAN_MSGAN_deepArch_multi-gt_v4/MappingNet_Batchsize_32_Epoch_62.pth
21-01-15 13:29:16.114 : [Epoch: 63/300] [Learning Rate: 0.0000500] | [L1_loss: 1.72351] [cos_loss: 0.06243] [loss: 1.72351] 
21-01-15 13:30:10.975 : [Epoch: 64/300] [Learning Rate: 0.0000500] | [L1_loss: 1.68633] [cos_loss: 0.06046] [loss: 1.68633] 
21-01-15 13:30:12.650 : ===> Save checkpoint at ./ckp/mapping/Mapping_Xencoder_wo-class_ProGAN_GAN_MSGAN_deepArch_multi-gt_v4/MappingNet_Batchsize_32_Epoch_64.pth
21-01-15 13:31:07.262 : [Epoch: 65/300] [Learning Rate: 0.0000500] | [L1_loss: 1.67609] [cos_loss: 0.05969] [loss: 1.67609] 
21-01-15 13:32:01.603 : [Epoch: 66/300] [Learning Rate: 0.0000500] | [L1_loss: 1.67103] [cos_loss: 0.05922] [loss: 1.67103] 
21-01-15 13:32:03.072 : ===> Save checkpoint at ./ckp/mapping/Mapping_Xencoder_wo-class_ProGAN_GAN_MSGAN_deepArch_multi-gt_v4/MappingNet_Batchsize_32_Epoch_66.pth
21-01-15 13:32:57.593 : [Epoch: 67/300] [Learning Rate: 0.0000500] | [L1_loss: 1.68222] [cos_loss: 0.05958] [loss: 1.68222] 
21-01-15 13:33:50.013 : [Epoch: 68/300] [Learning Rate: 0.0000500] | [L1_loss: 1.67979] [cos_loss: 0.05894] [loss: 1.67979] 
21-01-15 13:33:51.443 : ===> Save checkpoint at ./ckp/mapping/Mapping_Xencoder_wo-class_ProGAN_GAN_MSGAN_deepArch_multi-gt_v4/MappingNet_Batchsize_32_Epoch_68.pth
21-01-15 13:34:45.600 : [Epoch: 69/300] [Learning Rate: 0.0000500] | [L1_loss: 1.66485] [cos_loss: 0.05834] [loss: 1.66485] 
21-01-15 13:35:39.109 : [Epoch: 70/300] [Learning Rate: 0.0000500] | [L1_loss: 1.66490] [cos_loss: 0.05813] [loss: 1.66490] 
21-01-15 13:35:40.255 : ===> Save checkpoint at ./ckp/mapping/Mapping_Xencoder_wo-class_ProGAN_GAN_MSGAN_deepArch_multi-gt_v4/MappingNet_Batchsize_32_Epoch_70.pth
21-01-15 13:36:36.297 : [Epoch: 71/300] [Learning Rate: 0.0000500] | [L1_loss: 1.66741] [cos_loss: 0.05788] [loss: 1.66741] 
21-01-15 13:37:30.043 : [Epoch: 72/300] [Learning Rate: 0.0000500] | [L1_loss: 1.67271] [cos_loss: 0.05752] [loss: 1.67271] 
21-01-15 13:37:31.869 : ===> Save checkpoint at ./ckp/mapping/Mapping_Xencoder_wo-class_ProGAN_GAN_MSGAN_deepArch_multi-gt_v4/MappingNet_Batchsize_32_Epoch_72.pth
21-01-15 13:38:25.894 : [Epoch: 73/300] [Learning Rate: 0.0000500] | [L1_loss: 1.67480] [cos_loss: 0.05749] [loss: 1.67480] 
21-01-15 13:39:19.069 : [Epoch: 74/300] [Learning Rate: 0.0000500] | [L1_loss: 1.66507] [cos_loss: 0.05711] [loss: 1.66507] 
21-01-15 13:39:20.148 : ===> Save checkpoint at ./ckp/mapping/Mapping_Xencoder_wo-class_ProGAN_GAN_MSGAN_deepArch_multi-gt_v4/MappingNet_Batchsize_32_Epoch_74.pth
21-01-15 13:40:14.758 : [Epoch: 75/300] [Learning Rate: 0.0000500] | [L1_loss: 1.65261] [cos_loss: 0.05618] [loss: 1.65261] 
21-01-15 13:41:06.710 : [Epoch: 76/300] [Learning Rate: 0.0000500] | [L1_loss: 1.64463] [cos_loss: 0.05628] [loss: 1.64463] 
21-01-15 13:41:07.945 : ===> Save checkpoint at ./ckp/mapping/Mapping_Xencoder_wo-class_ProGAN_GAN_MSGAN_deepArch_multi-gt_v4/MappingNet_Batchsize_32_Epoch_76.pth
21-01-15 13:42:01.170 : [Epoch: 77/300] [Learning Rate: 0.0000500] | [L1_loss: 1.62596] [cos_loss: 0.05476] [loss: 1.62596] 
21-01-15 13:42:53.714 : [Epoch: 78/300] [Learning Rate: 0.0000500] | [L1_loss: 1.61831] [cos_loss: 0.05465] [loss: 1.61831] 
21-01-15 13:42:55.016 : ===> Save checkpoint at ./ckp/mapping/Mapping_Xencoder_wo-class_ProGAN_GAN_MSGAN_deepArch_multi-gt_v4/MappingNet_Batchsize_32_Epoch_78.pth
21-01-15 13:43:49.385 : [Epoch: 79/300] [Learning Rate: 0.0000500] | [L1_loss: 1.61358] [cos_loss: 0.05409] [loss: 1.61358] 
21-01-15 13:44:42.409 : [Epoch: 80/300] [Learning Rate: 0.0000500] | [L1_loss: 1.61107] [cos_loss: 0.05362] [loss: 1.61107] 
21-01-15 13:44:43.885 : ===> Save checkpoint at ./ckp/mapping/Mapping_Xencoder_wo-class_ProGAN_GAN_MSGAN_deepArch_multi-gt_v4/MappingNet_Batchsize_32_Epoch_80.pth
21-01-15 13:45:40.144 : [Epoch: 81/300] [Learning Rate: 0.0000500] | [L1_loss: 1.60154] [cos_loss: 0.05359] [loss: 1.60154] 
21-01-15 13:46:33.227 : [Epoch: 82/300] [Learning Rate: 0.0000500] | [L1_loss: 1.59965] [cos_loss: 0.05333] [loss: 1.59965] 
21-01-15 13:46:34.989 : ===> Save checkpoint at ./ckp/mapping/Mapping_Xencoder_wo-class_ProGAN_GAN_MSGAN_deepArch_multi-gt_v4/MappingNet_Batchsize_32_Epoch_82.pth
21-01-15 13:47:29.347 : [Epoch: 83/300] [Learning Rate: 0.0000500] | [L1_loss: 1.59457] [cos_loss: 0.05339] [loss: 1.59457] 
21-01-15 13:48:21.721 : [Epoch: 84/300] [Learning Rate: 0.0000500] | [L1_loss: 1.58488] [cos_loss: 0.05261] [loss: 1.58488] 
21-01-15 13:48:23.878 : ===> Save checkpoint at ./ckp/mapping/Mapping_Xencoder_wo-class_ProGAN_GAN_MSGAN_deepArch_multi-gt_v4/MappingNet_Batchsize_32_Epoch_84.pth
21-01-15 13:49:17.646 : [Epoch: 85/300] [Learning Rate: 0.0000500] | [L1_loss: 1.56585] [cos_loss: 0.05144] [loss: 1.56585] 
21-01-15 13:50:10.233 : [Epoch: 86/300] [Learning Rate: 0.0000500] | [L1_loss: 1.55444] [cos_loss: 0.05096] [loss: 1.55444] 
21-01-15 13:50:11.733 : ===> Save checkpoint at ./ckp/mapping/Mapping_Xencoder_wo-class_ProGAN_GAN_MSGAN_deepArch_multi-gt_v4/MappingNet_Batchsize_32_Epoch_86.pth
21-01-15 13:51:05.257 : [Epoch: 87/300] [Learning Rate: 0.0000500] | [L1_loss: 1.57310] [cos_loss: 0.05221] [loss: 1.57310] 
21-01-15 13:51:57.925 : [Epoch: 88/300] [Learning Rate: 0.0000500] | [L1_loss: 1.54302] [cos_loss: 0.05006] [loss: 1.54302] 
21-01-15 13:51:59.506 : ===> Save checkpoint at ./ckp/mapping/Mapping_Xencoder_wo-class_ProGAN_GAN_MSGAN_deepArch_multi-gt_v4/MappingNet_Batchsize_32_Epoch_88.pth
21-01-15 13:52:52.947 : [Epoch: 89/300] [Learning Rate: 0.0000500] | [L1_loss: 1.54188] [cos_loss: 0.04984] [loss: 1.54188] 
21-01-15 13:53:45.943 : [Epoch: 90/300] [Learning Rate: 0.0000500] | [L1_loss: 1.52878] [cos_loss: 0.04982] [loss: 1.52878] 
21-01-15 13:53:47.503 : ===> Save checkpoint at ./ckp/mapping/Mapping_Xencoder_wo-class_ProGAN_GAN_MSGAN_deepArch_multi-gt_v4/MappingNet_Batchsize_32_Epoch_90.pth
21-01-15 13:54:41.121 : [Epoch: 91/300] [Learning Rate: 0.0000500] | [L1_loss: 1.52304] [cos_loss: 0.04912] [loss: 1.52304] 
21-01-15 13:55:35.034 : [Epoch: 92/300] [Learning Rate: 0.0000500] | [L1_loss: 1.52112] [cos_loss: 0.04899] [loss: 1.52112] 
21-01-15 13:55:36.272 : ===> Save checkpoint at ./ckp/mapping/Mapping_Xencoder_wo-class_ProGAN_GAN_MSGAN_deepArch_multi-gt_v4/MappingNet_Batchsize_32_Epoch_92.pth
21-01-15 13:56:29.490 : [Epoch: 93/300] [Learning Rate: 0.0000500] | [L1_loss: 1.50935] [cos_loss: 0.04851] [loss: 1.50935] 
21-01-15 13:57:23.809 : [Epoch: 94/300] [Learning Rate: 0.0000500] | [L1_loss: 1.50735] [cos_loss: 0.04824] [loss: 1.50735] 
21-01-15 13:57:24.820 : ===> Save checkpoint at ./ckp/mapping/Mapping_Xencoder_wo-class_ProGAN_GAN_MSGAN_deepArch_multi-gt_v4/MappingNet_Batchsize_32_Epoch_94.pth
21-01-15 13:58:18.733 : [Epoch: 95/300] [Learning Rate: 0.0000500] | [L1_loss: 1.49211] [cos_loss: 0.04765] [loss: 1.49211] 
21-01-15 13:59:13.020 : [Epoch: 96/300] [Learning Rate: 0.0000500] | [L1_loss: 1.48450] [cos_loss: 0.04733] [loss: 1.48450] 
21-01-15 13:59:13.943 : ===> Save checkpoint at ./ckp/mapping/Mapping_Xencoder_wo-class_ProGAN_GAN_MSGAN_deepArch_multi-gt_v4/MappingNet_Batchsize_32_Epoch_96.pth
21-01-15 14:00:10.594 : [Epoch: 97/300] [Learning Rate: 0.0000500] | [L1_loss: 1.47296] [cos_loss: 0.04710] [loss: 1.47296] 
21-01-15 14:01:03.314 : [Epoch: 98/300] [Learning Rate: 0.0000500] | [L1_loss: 1.47701] [cos_loss: 0.04753] [loss: 1.47701] 
21-01-15 14:01:05.118 : ===> Save checkpoint at ./ckp/mapping/Mapping_Xencoder_wo-class_ProGAN_GAN_MSGAN_deepArch_multi-gt_v4/MappingNet_Batchsize_32_Epoch_98.pth
21-01-15 14:01:58.588 : [Epoch: 99/300] [Learning Rate: 0.0000500] | [L1_loss: 1.46600] [cos_loss: 0.04610] [loss: 1.46600] 
21-01-15 14:02:51.565 : [Epoch: 100/300] [Learning Rate: 0.0000500] | [L1_loss: 1.46442] [cos_loss: 0.04632] [loss: 1.46442] 
21-01-15 14:02:52.757 : ===> Save checkpoint at ./ckp/mapping/Mapping_Xencoder_wo-class_ProGAN_GAN_MSGAN_deepArch_multi-gt_v4/MappingNet_Batchsize_32_Epoch_100.pth
21-01-15 14:03:48.953 : [Epoch: 101/300] [Learning Rate: 0.0000500] | [L1_loss: 1.47064] [cos_loss: 0.04658] [loss: 1.47064] 
21-01-15 14:04:41.724 : [Epoch: 102/300] [Learning Rate: 0.0000500] | [L1_loss: 1.46478] [cos_loss: 0.04677] [loss: 1.46478] 
21-01-15 14:04:42.637 : ===> Save checkpoint at ./ckp/mapping/Mapping_Xencoder_wo-class_ProGAN_GAN_MSGAN_deepArch_multi-gt_v4/MappingNet_Batchsize_32_Epoch_102.pth
21-01-15 14:05:36.113 : [Epoch: 103/300] [Learning Rate: 0.0000500] | [L1_loss: 1.44842] [cos_loss: 0.04568] [loss: 1.44842] 
21-01-15 14:06:29.269 : [Epoch: 104/300] [Learning Rate: 0.0000500] | [L1_loss: 1.44421] [cos_loss: 0.04540] [loss: 1.44421] 
21-01-15 14:06:30.736 : ===> Save checkpoint at ./ckp/mapping/Mapping_Xencoder_wo-class_ProGAN_GAN_MSGAN_deepArch_multi-gt_v4/MappingNet_Batchsize_32_Epoch_104.pth
21-01-15 14:07:24.560 : [Epoch: 105/300] [Learning Rate: 0.0000500] | [L1_loss: 1.43153] [cos_loss: 0.04451] [loss: 1.43153] 
21-01-15 14:08:17.642 : [Epoch: 106/300] [Learning Rate: 0.0000500] | [L1_loss: 1.42104] [cos_loss: 0.04445] [loss: 1.42104] 
21-01-15 14:08:18.990 : ===> Save checkpoint at ./ckp/mapping/Mapping_Xencoder_wo-class_ProGAN_GAN_MSGAN_deepArch_multi-gt_v4/MappingNet_Batchsize_32_Epoch_106.pth
21-01-15 14:09:12.040 : [Epoch: 107/300] [Learning Rate: 0.0000500] | [L1_loss: 1.42415] [cos_loss: 0.04459] [loss: 1.42415] 
21-01-15 14:10:05.071 : [Epoch: 108/300] [Learning Rate: 0.0000500] | [L1_loss: 1.41331] [cos_loss: 0.04391] [loss: 1.41331] 
21-01-15 14:10:06.105 : ===> Save checkpoint at ./ckp/mapping/Mapping_Xencoder_wo-class_ProGAN_GAN_MSGAN_deepArch_multi-gt_v4/MappingNet_Batchsize_32_Epoch_108.pth
21-01-15 14:11:00.251 : [Epoch: 109/300] [Learning Rate: 0.0000500] | [L1_loss: 1.40865] [cos_loss: 0.04368] [loss: 1.40865] 
21-01-15 14:11:53.683 : [Epoch: 110/300] [Learning Rate: 0.0000500] | [L1_loss: 1.40907] [cos_loss: 0.04313] [loss: 1.40907] 
21-01-15 14:11:56.091 : ===> Save checkpoint at ./ckp/mapping/Mapping_Xencoder_wo-class_ProGAN_GAN_MSGAN_deepArch_multi-gt_v4/MappingNet_Batchsize_32_Epoch_110.pth
21-01-15 14:12:51.946 : [Epoch: 111/300] [Learning Rate: 0.0000500] | [L1_loss: 1.40266] [cos_loss: 0.04357] [loss: 1.40266] 
21-01-15 14:13:46.073 : [Epoch: 112/300] [Learning Rate: 0.0000500] | [L1_loss: 1.40931] [cos_loss: 0.04294] [loss: 1.40931] 
21-01-15 14:13:47.076 : ===> Save checkpoint at ./ckp/mapping/Mapping_Xencoder_wo-class_ProGAN_GAN_MSGAN_deepArch_multi-gt_v4/MappingNet_Batchsize_32_Epoch_112.pth
21-01-15 14:14:41.061 : [Epoch: 113/300] [Learning Rate: 0.0000500] | [L1_loss: 1.41056] [cos_loss: 0.04356] [loss: 1.41056] 
21-01-15 14:15:35.288 : [Epoch: 114/300] [Learning Rate: 0.0000500] | [L1_loss: 1.39989] [cos_loss: 0.04286] [loss: 1.39989] 
21-01-15 14:15:36.128 : ===> Save checkpoint at ./ckp/mapping/Mapping_Xencoder_wo-class_ProGAN_GAN_MSGAN_deepArch_multi-gt_v4/MappingNet_Batchsize_32_Epoch_114.pth
21-01-15 14:16:30.926 : [Epoch: 115/300] [Learning Rate: 0.0000500] | [L1_loss: 1.38479] [cos_loss: 0.04175] [loss: 1.38479] 
21-01-15 14:17:24.158 : [Epoch: 116/300] [Learning Rate: 0.0000500] | [L1_loss: 1.36999] [cos_loss: 0.04142] [loss: 1.36999] 
21-01-15 14:17:25.479 : ===> Save checkpoint at ./ckp/mapping/Mapping_Xencoder_wo-class_ProGAN_GAN_MSGAN_deepArch_multi-gt_v4/MappingNet_Batchsize_32_Epoch_116.pth
21-01-15 14:18:19.018 : [Epoch: 117/300] [Learning Rate: 0.0000500] | [L1_loss: 1.36496] [cos_loss: 0.04142] [loss: 1.36496] 
21-01-15 14:19:13.854 : [Epoch: 118/300] [Learning Rate: 0.0000500] | [L1_loss: 1.35841] [cos_loss: 0.04117] [loss: 1.35841] 
21-01-15 14:19:14.424 : ===> Save checkpoint at ./ckp/mapping/Mapping_Xencoder_wo-class_ProGAN_GAN_MSGAN_deepArch_multi-gt_v4/MappingNet_Batchsize_32_Epoch_118.pth
21-01-15 14:20:09.255 : [Epoch: 119/300] [Learning Rate: 0.0000500] | [L1_loss: 1.36061] [cos_loss: 0.04119] [loss: 1.36061] 
21-01-15 14:21:03.399 : [Epoch: 120/300] [Learning Rate: 0.0000500] | [L1_loss: 1.36949] [cos_loss: 0.04035] [loss: 1.36949] 
21-01-15 14:21:04.487 : ===> Save checkpoint at ./ckp/mapping/Mapping_Xencoder_wo-class_ProGAN_GAN_MSGAN_deepArch_multi-gt_v4/MappingNet_Batchsize_32_Epoch_120.pth
21-01-15 14:21:58.116 : [Epoch: 121/300] [Learning Rate: 0.0000250] | [L1_loss: 1.25511] [cos_loss: 0.03721] [loss: 1.25511] 
21-01-15 14:22:51.342 : [Epoch: 122/300] [Learning Rate: 0.0000250] | [L1_loss: 1.12350] [cos_loss: 0.03504] [loss: 1.12350] 
21-01-15 14:22:52.511 : ===> Save checkpoint at ./ckp/mapping/Mapping_Xencoder_wo-class_ProGAN_GAN_MSGAN_deepArch_multi-gt_v4/MappingNet_Batchsize_32_Epoch_122.pth
21-01-15 14:23:46.756 : [Epoch: 123/300] [Learning Rate: 0.0000250] | [L1_loss: 1.08883] [cos_loss: 0.03431] [loss: 1.08883] 
21-01-15 14:24:39.992 : [Epoch: 124/300] [Learning Rate: 0.0000250] | [L1_loss: 1.07340] [cos_loss: 0.03415] [loss: 1.07340] 
21-01-15 14:24:41.112 : ===> Save checkpoint at ./ckp/mapping/Mapping_Xencoder_wo-class_ProGAN_GAN_MSGAN_deepArch_multi-gt_v4/MappingNet_Batchsize_32_Epoch_124.pth
21-01-15 14:25:34.882 : [Epoch: 125/300] [Learning Rate: 0.0000250] | [L1_loss: 1.06409] [cos_loss: 0.03378] [loss: 1.06409] 
21-01-15 14:26:28.654 : [Epoch: 126/300] [Learning Rate: 0.0000250] | [L1_loss: 1.06348] [cos_loss: 0.03385] [loss: 1.06348] 
21-01-15 14:26:30.188 : ===> Save checkpoint at ./ckp/mapping/Mapping_Xencoder_wo-class_ProGAN_GAN_MSGAN_deepArch_multi-gt_v4/MappingNet_Batchsize_32_Epoch_126.pth
21-01-15 14:27:23.284 : [Epoch: 127/300] [Learning Rate: 0.0000250] | [L1_loss: 1.06914] [cos_loss: 0.03387] [loss: 1.06914] 
21-01-15 14:28:16.837 : [Epoch: 128/300] [Learning Rate: 0.0000250] | [L1_loss: 1.07747] [cos_loss: 0.03400] [loss: 1.07747] 
21-01-15 14:28:17.222 : ===> Save checkpoint at ./ckp/mapping/Mapping_Xencoder_wo-class_ProGAN_GAN_MSGAN_deepArch_multi-gt_v4/MappingNet_Batchsize_32_Epoch_128.pth
21-01-15 14:29:10.415 : [Epoch: 129/300] [Learning Rate: 0.0000250] | [L1_loss: 1.07710] [cos_loss: 0.03376] [loss: 1.07710] 
21-01-15 14:30:05.036 : [Epoch: 130/300] [Learning Rate: 0.0000250] | [L1_loss: 1.07830] [cos_loss: 0.03365] [loss: 1.07830] 
21-01-15 14:30:06.917 : ===> Save checkpoint at ./ckp/mapping/Mapping_Xencoder_wo-class_ProGAN_GAN_MSGAN_deepArch_multi-gt_v4/MappingNet_Batchsize_32_Epoch_130.pth
21-01-15 14:31:00.883 : [Epoch: 131/300] [Learning Rate: 0.0000250] | [L1_loss: 1.07862] [cos_loss: 0.03352] [loss: 1.07862] 
21-01-15 14:31:53.589 : [Epoch: 132/300] [Learning Rate: 0.0000250] | [L1_loss: 1.07761] [cos_loss: 0.03318] [loss: 1.07761] 
21-01-15 14:31:54.976 : ===> Save checkpoint at ./ckp/mapping/Mapping_Xencoder_wo-class_ProGAN_GAN_MSGAN_deepArch_multi-gt_v4/MappingNet_Batchsize_32_Epoch_132.pth
21-01-15 14:32:50.133 : [Epoch: 133/300] [Learning Rate: 0.0000250] | [L1_loss: 1.08049] [cos_loss: 0.03325] [loss: 1.08049] 
21-01-15 14:33:43.385 : [Epoch: 134/300] [Learning Rate: 0.0000250] | [L1_loss: 1.07687] [cos_loss: 0.03307] [loss: 1.07687] 
21-01-15 14:33:44.716 : ===> Save checkpoint at ./ckp/mapping/Mapping_Xencoder_wo-class_ProGAN_GAN_MSGAN_deepArch_multi-gt_v4/MappingNet_Batchsize_32_Epoch_134.pth
21-01-15 14:34:37.777 : [Epoch: 135/300] [Learning Rate: 0.0000250] | [L1_loss: 1.06888] [cos_loss: 0.03249] [loss: 1.06888] 
21-01-15 14:35:31.018 : [Epoch: 136/300] [Learning Rate: 0.0000250] | [L1_loss: 1.07739] [cos_loss: 0.03260] [loss: 1.07739] 
21-01-15 14:35:32.016 : ===> Save checkpoint at ./ckp/mapping/Mapping_Xencoder_wo-class_ProGAN_GAN_MSGAN_deepArch_multi-gt_v4/MappingNet_Batchsize_32_Epoch_136.pth
21-01-15 14:36:25.176 : [Epoch: 137/300] [Learning Rate: 0.0000250] | [L1_loss: 1.07373] [cos_loss: 0.03255] [loss: 1.07373] 
21-01-15 14:37:19.051 : [Epoch: 138/300] [Learning Rate: 0.0000250] | [L1_loss: 1.07091] [cos_loss: 0.03257] [loss: 1.07091] 
21-01-15 14:37:19.990 : ===> Save checkpoint at ./ckp/mapping/Mapping_Xencoder_wo-class_ProGAN_GAN_MSGAN_deepArch_multi-gt_v4/MappingNet_Batchsize_32_Epoch_138.pth
21-01-15 14:38:13.972 : [Epoch: 139/300] [Learning Rate: 0.0000250] | [L1_loss: 1.06281] [cos_loss: 0.03219] [loss: 1.06281] 
21-01-15 14:39:07.541 : [Epoch: 140/300] [Learning Rate: 0.0000250] | [L1_loss: 1.06009] [cos_loss: 0.03224] [loss: 1.06009] 
21-01-15 14:39:09.946 : ===> Save checkpoint at ./ckp/mapping/Mapping_Xencoder_wo-class_ProGAN_GAN_MSGAN_deepArch_multi-gt_v4/MappingNet_Batchsize_32_Epoch_140.pth
21-01-15 14:40:05.277 : [Epoch: 141/300] [Learning Rate: 0.0000250] | [L1_loss: 1.07873] [cos_loss: 0.03272] [loss: 1.07873] 
21-01-15 14:40:59.131 : [Epoch: 142/300] [Learning Rate: 0.0000250] | [L1_loss: 1.06374] [cos_loss: 0.03194] [loss: 1.06374] 
21-01-15 14:41:00.061 : ===> Save checkpoint at ./ckp/mapping/Mapping_Xencoder_wo-class_ProGAN_GAN_MSGAN_deepArch_multi-gt_v4/MappingNet_Batchsize_32_Epoch_142.pth
21-01-15 14:41:54.264 : [Epoch: 143/300] [Learning Rate: 0.0000250] | [L1_loss: 1.05333] [cos_loss: 0.03181] [loss: 1.05333] 
21-01-15 14:42:47.337 : [Epoch: 144/300] [Learning Rate: 0.0000250] | [L1_loss: 1.05492] [cos_loss: 0.03190] [loss: 1.05492] 
21-01-15 14:42:49.465 : ===> Save checkpoint at ./ckp/mapping/Mapping_Xencoder_wo-class_ProGAN_GAN_MSGAN_deepArch_multi-gt_v4/MappingNet_Batchsize_32_Epoch_144.pth
21-01-15 14:43:42.951 : [Epoch: 145/300] [Learning Rate: 0.0000250] | [L1_loss: 1.05141] [cos_loss: 0.03155] [loss: 1.05141] 
21-01-15 14:44:36.157 : [Epoch: 146/300] [Learning Rate: 0.0000250] | [L1_loss: 1.05062] [cos_loss: 0.03156] [loss: 1.05062] 
21-01-15 14:44:37.695 : ===> Save checkpoint at ./ckp/mapping/Mapping_Xencoder_wo-class_ProGAN_GAN_MSGAN_deepArch_multi-gt_v4/MappingNet_Batchsize_32_Epoch_146.pth
21-01-15 14:45:32.232 : [Epoch: 147/300] [Learning Rate: 0.0000250] | [L1_loss: 1.04563] [cos_loss: 0.03137] [loss: 1.04563] 
21-01-15 14:46:25.150 : [Epoch: 148/300] [Learning Rate: 0.0000250] | [L1_loss: 1.04609] [cos_loss: 0.03165] [loss: 1.04609] 
21-01-15 14:46:26.174 : ===> Save checkpoint at ./ckp/mapping/Mapping_Xencoder_wo-class_ProGAN_GAN_MSGAN_deepArch_multi-gt_v4/MappingNet_Batchsize_32_Epoch_148.pth
21-01-15 14:47:19.633 : [Epoch: 149/300] [Learning Rate: 0.0000250] | [L1_loss: 1.04421] [cos_loss: 0.03161] [loss: 1.04421] 
21-01-15 14:48:12.687 : [Epoch: 150/300] [Learning Rate: 0.0000250] | [L1_loss: 1.03920] [cos_loss: 0.03117] [loss: 1.03920] 
21-01-15 14:48:13.669 : ===> Save checkpoint at ./ckp/mapping/Mapping_Xencoder_wo-class_ProGAN_GAN_MSGAN_deepArch_multi-gt_v4/MappingNet_Batchsize_32_Epoch_150.pth
21-01-15 14:49:06.519 : [Epoch: 151/300] [Learning Rate: 0.0000250] | [L1_loss: 1.02767] [cos_loss: 0.03066] [loss: 1.02767] 
21-01-15 14:49:59.710 : [Epoch: 152/300] [Learning Rate: 0.0000250] | [L1_loss: 1.03537] [cos_loss: 0.03078] [loss: 1.03537] 
21-01-15 14:50:00.689 : ===> Save checkpoint at ./ckp/mapping/Mapping_Xencoder_wo-class_ProGAN_GAN_MSGAN_deepArch_multi-gt_v4/MappingNet_Batchsize_32_Epoch_152.pth
21-01-15 14:50:57.248 : [Epoch: 153/300] [Learning Rate: 0.0000250] | [L1_loss: 1.03114] [cos_loss: 0.03024] [loss: 1.03114] 
21-01-15 14:51:49.967 : [Epoch: 154/300] [Learning Rate: 0.0000250] | [L1_loss: 1.02676] [cos_loss: 0.03048] [loss: 1.02676] 
21-01-15 14:51:50.940 : ===> Save checkpoint at ./ckp/mapping/Mapping_Xencoder_wo-class_ProGAN_GAN_MSGAN_deepArch_multi-gt_v4/MappingNet_Batchsize_32_Epoch_154.pth
21-01-15 14:52:47.034 : [Epoch: 155/300] [Learning Rate: 0.0000250] | [L1_loss: 1.02205] [cos_loss: 0.03043] [loss: 1.02205] 
21-01-15 14:53:39.547 : [Epoch: 156/300] [Learning Rate: 0.0000250] | [L1_loss: 1.02252] [cos_loss: 0.03046] [loss: 1.02252] 
21-01-15 14:53:40.571 : ===> Save checkpoint at ./ckp/mapping/Mapping_Xencoder_wo-class_ProGAN_GAN_MSGAN_deepArch_multi-gt_v4/MappingNet_Batchsize_32_Epoch_156.pth
21-01-15 14:54:33.656 : [Epoch: 157/300] [Learning Rate: 0.0000250] | [L1_loss: 1.02030] [cos_loss: 0.03025] [loss: 1.02030] 
21-01-15 14:55:27.085 : [Epoch: 158/300] [Learning Rate: 0.0000250] | [L1_loss: 1.01188] [cos_loss: 0.02942] [loss: 1.01188] 
21-01-15 14:55:28.079 : ===> Save checkpoint at ./ckp/mapping/Mapping_Xencoder_wo-class_ProGAN_GAN_MSGAN_deepArch_multi-gt_v4/MappingNet_Batchsize_32_Epoch_158.pth
21-01-15 14:56:25.653 : [Epoch: 159/300] [Learning Rate: 0.0000250] | [L1_loss: 1.01088] [cos_loss: 0.02967] [loss: 1.01088] 
21-01-15 14:57:19.398 : [Epoch: 160/300] [Learning Rate: 0.0000250] | [L1_loss: 1.01019] [cos_loss: 0.02969] [loss: 1.01019] 
21-01-15 14:57:20.662 : ===> Save checkpoint at ./ckp/mapping/Mapping_Xencoder_wo-class_ProGAN_GAN_MSGAN_deepArch_multi-gt_v4/MappingNet_Batchsize_32_Epoch_160.pth
21-01-15 14:58:13.696 : [Epoch: 161/300] [Learning Rate: 0.0000250] | [L1_loss: 1.01796] [cos_loss: 0.03006] [loss: 1.01796] 
21-01-15 14:59:07.296 : [Epoch: 162/300] [Learning Rate: 0.0000250] | [L1_loss: 1.01377] [cos_loss: 0.02952] [loss: 1.01377] 
21-01-15 14:59:08.276 : ===> Save checkpoint at ./ckp/mapping/Mapping_Xencoder_wo-class_ProGAN_GAN_MSGAN_deepArch_multi-gt_v4/MappingNet_Batchsize_32_Epoch_162.pth
21-01-15 15:00:01.551 : [Epoch: 163/300] [Learning Rate: 0.0000250] | [L1_loss: 1.01174] [cos_loss: 0.02982] [loss: 1.01174] 
21-01-15 15:00:56.019 : [Epoch: 164/300] [Learning Rate: 0.0000250] | [L1_loss: 1.00215] [cos_loss: 0.02951] [loss: 1.00215] 
21-01-15 15:00:57.404 : ===> Save checkpoint at ./ckp/mapping/Mapping_Xencoder_wo-class_ProGAN_GAN_MSGAN_deepArch_multi-gt_v4/MappingNet_Batchsize_32_Epoch_164.pth
21-01-15 15:01:54.703 : [Epoch: 165/300] [Learning Rate: 0.0000250] | [L1_loss: 1.00077] [cos_loss: 0.02935] [loss: 1.00077] 
21-01-15 15:02:48.166 : [Epoch: 166/300] [Learning Rate: 0.0000250] | [L1_loss: 0.99720] [cos_loss: 0.02909] [loss: 0.99720] 
21-01-15 15:02:48.448 : ===> Save checkpoint at ./ckp/mapping/Mapping_Xencoder_wo-class_ProGAN_GAN_MSGAN_deepArch_multi-gt_v4/MappingNet_Batchsize_32_Epoch_166.pth
21-01-15 15:03:44.046 : [Epoch: 167/300] [Learning Rate: 0.0000250] | [L1_loss: 0.99112] [cos_loss: 0.02893] [loss: 0.99112] 
21-01-15 15:04:36.004 : [Epoch: 168/300] [Learning Rate: 0.0000250] | [L1_loss: 0.99639] [cos_loss: 0.02889] [loss: 0.99639] 
21-01-15 15:04:36.539 : ===> Save checkpoint at ./ckp/mapping/Mapping_Xencoder_wo-class_ProGAN_GAN_MSGAN_deepArch_multi-gt_v4/MappingNet_Batchsize_32_Epoch_168.pth
21-01-15 15:05:29.619 : [Epoch: 169/300] [Learning Rate: 0.0000250] | [L1_loss: 0.99432] [cos_loss: 0.02898] [loss: 0.99432] 
21-01-15 15:06:23.302 : [Epoch: 170/300] [Learning Rate: 0.0000250] | [L1_loss: 0.99076] [cos_loss: 0.02864] [loss: 0.99076] 
21-01-15 15:06:23.562 : ===> Save checkpoint at ./ckp/mapping/Mapping_Xencoder_wo-class_ProGAN_GAN_MSGAN_deepArch_multi-gt_v4/MappingNet_Batchsize_32_Epoch_170.pth
21-01-15 15:07:17.330 : [Epoch: 171/300] [Learning Rate: 0.0000250] | [L1_loss: 0.99504] [cos_loss: 0.02903] [loss: 0.99504] 
21-01-15 15:08:10.676 : [Epoch: 172/300] [Learning Rate: 0.0000250] | [L1_loss: 0.98086] [cos_loss: 0.02838] [loss: 0.98086] 
21-01-15 15:08:10.896 : ===> Save checkpoint at ./ckp/mapping/Mapping_Xencoder_wo-class_ProGAN_GAN_MSGAN_deepArch_multi-gt_v4/MappingNet_Batchsize_32_Epoch_172.pth
21-01-15 15:09:06.150 : [Epoch: 173/300] [Learning Rate: 0.0000250] | [L1_loss: 0.97591] [cos_loss: 0.02827] [loss: 0.97591] 
21-01-15 15:09:59.551 : [Epoch: 174/300] [Learning Rate: 0.0000250] | [L1_loss: 0.97714] [cos_loss: 0.02831] [loss: 0.97714] 
21-01-15 15:09:59.842 : ===> Save checkpoint at ./ckp/mapping/Mapping_Xencoder_wo-class_ProGAN_GAN_MSGAN_deepArch_multi-gt_v4/MappingNet_Batchsize_32_Epoch_174.pth
21-01-15 15:10:53.302 : [Epoch: 175/300] [Learning Rate: 0.0000250] | [L1_loss: 0.97713] [cos_loss: 0.02798] [loss: 0.97713] 
21-01-15 15:11:47.945 : [Epoch: 176/300] [Learning Rate: 0.0000250] | [L1_loss: 0.97958] [cos_loss: 0.02836] [loss: 0.97958] 
21-01-15 15:11:48.196 : ===> Save checkpoint at ./ckp/mapping/Mapping_Xencoder_wo-class_ProGAN_GAN_MSGAN_deepArch_multi-gt_v4/MappingNet_Batchsize_32_Epoch_176.pth
21-01-15 15:12:41.914 : [Epoch: 177/300] [Learning Rate: 0.0000250] | [L1_loss: 0.97919] [cos_loss: 0.02816] [loss: 0.97919] 
21-01-15 15:13:35.501 : [Epoch: 178/300] [Learning Rate: 0.0000250] | [L1_loss: 0.96886] [cos_loss: 0.02794] [loss: 0.96886] 
21-01-15 15:13:35.741 : ===> Save checkpoint at ./ckp/mapping/Mapping_Xencoder_wo-class_ProGAN_GAN_MSGAN_deepArch_multi-gt_v4/MappingNet_Batchsize_32_Epoch_178.pth
21-01-15 15:14:29.388 : [Epoch: 179/300] [Learning Rate: 0.0000250] | [L1_loss: 0.97301] [cos_loss: 0.02819] [loss: 0.97301] 
21-01-15 15:15:23.015 : [Epoch: 180/300] [Learning Rate: 0.0000250] | [L1_loss: 0.97679] [cos_loss: 0.02819] [loss: 0.97679] 
21-01-15 15:15:23.367 : ===> Save checkpoint at ./ckp/mapping/Mapping_Xencoder_wo-class_ProGAN_GAN_MSGAN_deepArch_multi-gt_v4/MappingNet_Batchsize_32_Epoch_180.pth
21-01-15 15:16:17.560 : [Epoch: 181/300] [Learning Rate: 0.0000125] | [L1_loss: 0.91830] [cos_loss: 0.02651] [loss: 0.91830] 
21-01-15 15:17:11.381 : [Epoch: 182/300] [Learning Rate: 0.0000125] | [L1_loss: 0.86101] [cos_loss: 0.02581] [loss: 0.86101] 
21-01-15 15:17:11.884 : ===> Save checkpoint at ./ckp/mapping/Mapping_Xencoder_wo-class_ProGAN_GAN_MSGAN_deepArch_multi-gt_v4/MappingNet_Batchsize_32_Epoch_182.pth
21-01-15 15:18:05.485 : [Epoch: 183/300] [Learning Rate: 0.0000125] | [L1_loss: 0.84085] [cos_loss: 0.02541] [loss: 0.84085] 
21-01-15 15:19:00.158 : [Epoch: 184/300] [Learning Rate: 0.0000125] | [L1_loss: 0.83648] [cos_loss: 0.02523] [loss: 0.83648] 
21-01-15 15:19:00.413 : ===> Save checkpoint at ./ckp/mapping/Mapping_Xencoder_wo-class_ProGAN_GAN_MSGAN_deepArch_multi-gt_v4/MappingNet_Batchsize_32_Epoch_184.pth
21-01-15 15:19:55.366 : [Epoch: 185/300] [Learning Rate: 0.0000125] | [L1_loss: 0.83377] [cos_loss: 0.02554] [loss: 0.83377] 
21-01-15 15:20:49.295 : [Epoch: 186/300] [Learning Rate: 0.0000125] | [L1_loss: 0.83195] [cos_loss: 0.02527] [loss: 0.83195] 
21-01-15 15:20:49.686 : ===> Save checkpoint at ./ckp/mapping/Mapping_Xencoder_wo-class_ProGAN_GAN_MSGAN_deepArch_multi-gt_v4/MappingNet_Batchsize_32_Epoch_186.pth
21-01-15 15:21:43.771 : [Epoch: 187/300] [Learning Rate: 0.0000125] | [L1_loss: 0.83852] [cos_loss: 0.02552] [loss: 0.83852] 
21-01-15 15:22:38.539 : [Epoch: 188/300] [Learning Rate: 0.0000125] | [L1_loss: 0.83825] [cos_loss: 0.02537] [loss: 0.83825] 
21-01-15 15:22:39.135 : ===> Save checkpoint at ./ckp/mapping/Mapping_Xencoder_wo-class_ProGAN_GAN_MSGAN_deepArch_multi-gt_v4/MappingNet_Batchsize_32_Epoch_188.pth
21-01-15 15:23:35.747 : [Epoch: 189/300] [Learning Rate: 0.0000125] | [L1_loss: 0.83548] [cos_loss: 0.02510] [loss: 0.83548] 
21-01-15 15:24:30.796 : [Epoch: 190/300] [Learning Rate: 0.0000125] | [L1_loss: 0.84346] [cos_loss: 0.02544] [loss: 0.84346] 
21-01-15 15:24:31.089 : ===> Save checkpoint at ./ckp/mapping/Mapping_Xencoder_wo-class_ProGAN_GAN_MSGAN_deepArch_multi-gt_v4/MappingNet_Batchsize_32_Epoch_190.pth
21-01-15 15:25:26.376 : [Epoch: 191/300] [Learning Rate: 0.0000125] | [L1_loss: 0.84108] [cos_loss: 0.02512] [loss: 0.84108] 
21-01-15 15:26:19.448 : [Epoch: 192/300] [Learning Rate: 0.0000125] | [L1_loss: 0.84039] [cos_loss: 0.02520] [loss: 0.84039] 
21-01-15 15:26:19.896 : ===> Save checkpoint at ./ckp/mapping/Mapping_Xencoder_wo-class_ProGAN_GAN_MSGAN_deepArch_multi-gt_v4/MappingNet_Batchsize_32_Epoch_192.pth
21-01-15 15:27:14.053 : [Epoch: 193/300] [Learning Rate: 0.0000125] | [L1_loss: 0.84172] [cos_loss: 0.02530] [loss: 0.84172] 
21-01-15 15:28:09.225 : [Epoch: 194/300] [Learning Rate: 0.0000125] | [L1_loss: 0.83929] [cos_loss: 0.02497] [loss: 0.83929] 
21-01-15 15:28:11.325 : ===> Save checkpoint at ./ckp/mapping/Mapping_Xencoder_wo-class_ProGAN_GAN_MSGAN_deepArch_multi-gt_v4/MappingNet_Batchsize_32_Epoch_194.pth
21-01-15 15:29:06.244 : [Epoch: 195/300] [Learning Rate: 0.0000125] | [L1_loss: 0.84045] [cos_loss: 0.02512] [loss: 0.84045] 
21-01-15 15:30:01.025 : [Epoch: 196/300] [Learning Rate: 0.0000125] | [L1_loss: 0.83675] [cos_loss: 0.02479] [loss: 0.83675] 
21-01-15 15:30:01.279 : ===> Save checkpoint at ./ckp/mapping/Mapping_Xencoder_wo-class_ProGAN_GAN_MSGAN_deepArch_multi-gt_v4/MappingNet_Batchsize_32_Epoch_196.pth
21-01-15 15:30:55.722 : [Epoch: 197/300] [Learning Rate: 0.0000125] | [L1_loss: 0.83687] [cos_loss: 0.02484] [loss: 0.83687] 
21-01-15 15:31:50.409 : [Epoch: 198/300] [Learning Rate: 0.0000125] | [L1_loss: 0.83633] [cos_loss: 0.02473] [loss: 0.83633] 
21-01-15 15:31:50.636 : ===> Save checkpoint at ./ckp/mapping/Mapping_Xencoder_wo-class_ProGAN_GAN_MSGAN_deepArch_multi-gt_v4/MappingNet_Batchsize_32_Epoch_198.pth
21-01-15 15:32:44.895 : [Epoch: 199/300] [Learning Rate: 0.0000125] | [L1_loss: 0.83758] [cos_loss: 0.02489] [loss: 0.83758] 
21-01-15 15:33:39.340 : [Epoch: 200/300] [Learning Rate: 0.0000125] | [L1_loss: 0.83420] [cos_loss: 0.02467] [loss: 0.83420] 
21-01-15 15:33:41.163 : ===> Save checkpoint at ./ckp/mapping/Mapping_Xencoder_wo-class_ProGAN_GAN_MSGAN_deepArch_multi-gt_v4/MappingNet_Batchsize_32_Epoch_200.pth
21-01-15 15:34:35.267 : [Epoch: 201/300] [Learning Rate: 0.0000125] | [L1_loss: 0.83413] [cos_loss: 0.02490] [loss: 0.83413] 
21-01-15 15:35:29.718 : [Epoch: 202/300] [Learning Rate: 0.0000125] | [L1_loss: 0.83207] [cos_loss: 0.02484] [loss: 0.83207] 
21-01-15 15:35:30.315 : ===> Save checkpoint at ./ckp/mapping/Mapping_Xencoder_wo-class_ProGAN_GAN_MSGAN_deepArch_multi-gt_v4/MappingNet_Batchsize_32_Epoch_202.pth
21-01-15 15:36:25.526 : [Epoch: 203/300] [Learning Rate: 0.0000125] | [L1_loss: 0.83116] [cos_loss: 0.02460] [loss: 0.83116] 
21-01-15 15:37:20.319 : [Epoch: 204/300] [Learning Rate: 0.0000125] | [L1_loss: 0.83009] [cos_loss: 0.02436] [loss: 0.83009] 
21-01-15 15:37:20.751 : ===> Save checkpoint at ./ckp/mapping/Mapping_Xencoder_wo-class_ProGAN_GAN_MSGAN_deepArch_multi-gt_v4/MappingNet_Batchsize_32_Epoch_204.pth
21-01-15 15:38:14.642 : [Epoch: 205/300] [Learning Rate: 0.0000125] | [L1_loss: 0.83122] [cos_loss: 0.02454] [loss: 0.83122] 
21-01-15 15:39:07.918 : [Epoch: 206/300] [Learning Rate: 0.0000125] | [L1_loss: 0.82630] [cos_loss: 0.02428] [loss: 0.82630] 
21-01-15 15:39:08.165 : ===> Save checkpoint at ./ckp/mapping/Mapping_Xencoder_wo-class_ProGAN_GAN_MSGAN_deepArch_multi-gt_v4/MappingNet_Batchsize_32_Epoch_206.pth
21-01-15 15:40:01.636 : [Epoch: 207/300] [Learning Rate: 0.0000125] | [L1_loss: 0.82961] [cos_loss: 0.02440] [loss: 0.82961] 
21-01-15 15:40:54.980 : [Epoch: 208/300] [Learning Rate: 0.0000125] | [L1_loss: 0.82658] [cos_loss: 0.02431] [loss: 0.82658] 
21-01-15 15:40:55.418 : ===> Save checkpoint at ./ckp/mapping/Mapping_Xencoder_wo-class_ProGAN_GAN_MSGAN_deepArch_multi-gt_v4/MappingNet_Batchsize_32_Epoch_208.pth
21-01-15 15:41:48.767 : [Epoch: 209/300] [Learning Rate: 0.0000125] | [L1_loss: 0.82048] [cos_loss: 0.02395] [loss: 0.82048] 
21-01-15 15:42:41.991 : [Epoch: 210/300] [Learning Rate: 0.0000125] | [L1_loss: 0.82522] [cos_loss: 0.02423] [loss: 0.82522] 
21-01-15 15:42:42.498 : ===> Save checkpoint at ./ckp/mapping/Mapping_Xencoder_wo-class_ProGAN_GAN_MSGAN_deepArch_multi-gt_v4/MappingNet_Batchsize_32_Epoch_210.pth
21-01-15 15:43:35.764 : [Epoch: 211/300] [Learning Rate: 0.0000125] | [L1_loss: 0.82054] [cos_loss: 0.02410] [loss: 0.82054] 
21-01-15 15:44:29.592 : [Epoch: 212/300] [Learning Rate: 0.0000125] | [L1_loss: 0.82139] [cos_loss: 0.02428] [loss: 0.82139] 
21-01-15 15:44:30.175 : ===> Save checkpoint at ./ckp/mapping/Mapping_Xencoder_wo-class_ProGAN_GAN_MSGAN_deepArch_multi-gt_v4/MappingNet_Batchsize_32_Epoch_212.pth
21-01-15 15:45:22.838 : [Epoch: 213/300] [Learning Rate: 0.0000125] | [L1_loss: 0.81907] [cos_loss: 0.02407] [loss: 0.81907] 
21-01-15 15:46:15.487 : [Epoch: 214/300] [Learning Rate: 0.0000125] | [L1_loss: 0.81658] [cos_loss: 0.02385] [loss: 0.81658] 
21-01-15 15:46:17.386 : ===> Save checkpoint at ./ckp/mapping/Mapping_Xencoder_wo-class_ProGAN_GAN_MSGAN_deepArch_multi-gt_v4/MappingNet_Batchsize_32_Epoch_214.pth
21-01-15 15:47:11.213 : [Epoch: 215/300] [Learning Rate: 0.0000125] | [L1_loss: 0.81806] [cos_loss: 0.02412] [loss: 0.81806] 
21-01-15 15:48:03.512 : [Epoch: 216/300] [Learning Rate: 0.0000125] | [L1_loss: 0.81167] [cos_loss: 0.02362] [loss: 0.81167] 
21-01-15 15:48:03.767 : ===> Save checkpoint at ./ckp/mapping/Mapping_Xencoder_wo-class_ProGAN_GAN_MSGAN_deepArch_multi-gt_v4/MappingNet_Batchsize_32_Epoch_216.pth
21-01-15 15:48:56.531 : [Epoch: 217/300] [Learning Rate: 0.0000125] | [L1_loss: 0.81456] [cos_loss: 0.02390] [loss: 0.81456] 
21-01-15 15:49:50.359 : [Epoch: 218/300] [Learning Rate: 0.0000125] | [L1_loss: 0.81305] [cos_loss: 0.02364] [loss: 0.81305] 
21-01-15 15:49:50.643 : ===> Save checkpoint at ./ckp/mapping/Mapping_Xencoder_wo-class_ProGAN_GAN_MSGAN_deepArch_multi-gt_v4/MappingNet_Batchsize_32_Epoch_218.pth
21-01-15 15:50:44.538 : [Epoch: 219/300] [Learning Rate: 0.0000125] | [L1_loss: 0.80895] [cos_loss: 0.02349] [loss: 0.80895] 
21-01-15 15:51:37.847 : [Epoch: 220/300] [Learning Rate: 0.0000125] | [L1_loss: 0.80773] [cos_loss: 0.02358] [loss: 0.80773] 
21-01-15 15:51:39.595 : ===> Save checkpoint at ./ckp/mapping/Mapping_Xencoder_wo-class_ProGAN_GAN_MSGAN_deepArch_multi-gt_v4/MappingNet_Batchsize_32_Epoch_220.pth
21-01-15 15:52:32.610 : [Epoch: 221/300] [Learning Rate: 0.0000125] | [L1_loss: 0.80818] [cos_loss: 0.02366] [loss: 0.80818] 
21-01-15 15:53:25.179 : [Epoch: 222/300] [Learning Rate: 0.0000125] | [L1_loss: 0.80655] [cos_loss: 0.02351] [loss: 0.80655] 
21-01-15 15:53:25.661 : ===> Save checkpoint at ./ckp/mapping/Mapping_Xencoder_wo-class_ProGAN_GAN_MSGAN_deepArch_multi-gt_v4/MappingNet_Batchsize_32_Epoch_222.pth
21-01-15 15:54:18.924 : [Epoch: 223/300] [Learning Rate: 0.0000125] | [L1_loss: 0.80544] [cos_loss: 0.02344] [loss: 0.80544] 
21-01-15 15:55:12.271 : [Epoch: 224/300] [Learning Rate: 0.0000125] | [L1_loss: 0.80034] [cos_loss: 0.02326] [loss: 0.80034] 
21-01-15 15:55:12.565 : ===> Save checkpoint at ./ckp/mapping/Mapping_Xencoder_wo-class_ProGAN_GAN_MSGAN_deepArch_multi-gt_v4/MappingNet_Batchsize_32_Epoch_224.pth
21-01-15 15:56:05.953 : [Epoch: 225/300] [Learning Rate: 0.0000125] | [L1_loss: 0.80263] [cos_loss: 0.02335] [loss: 0.80263] 
21-01-15 15:56:58.533 : [Epoch: 226/300] [Learning Rate: 0.0000125] | [L1_loss: 0.80471] [cos_loss: 0.02336] [loss: 0.80471] 
21-01-15 15:56:58.795 : ===> Save checkpoint at ./ckp/mapping/Mapping_Xencoder_wo-class_ProGAN_GAN_MSGAN_deepArch_multi-gt_v4/MappingNet_Batchsize_32_Epoch_226.pth
21-01-15 15:57:52.023 : [Epoch: 227/300] [Learning Rate: 0.0000125] | [L1_loss: 0.80402] [cos_loss: 0.02339] [loss: 0.80402] 
21-01-15 15:58:45.454 : [Epoch: 228/300] [Learning Rate: 0.0000125] | [L1_loss: 0.80225] [cos_loss: 0.02322] [loss: 0.80225] 
21-01-15 15:58:47.237 : ===> Save checkpoint at ./ckp/mapping/Mapping_Xencoder_wo-class_ProGAN_GAN_MSGAN_deepArch_multi-gt_v4/MappingNet_Batchsize_32_Epoch_228.pth
21-01-15 15:59:41.060 : [Epoch: 229/300] [Learning Rate: 0.0000125] | [L1_loss: 0.79675] [cos_loss: 0.02315] [loss: 0.79675] 
21-01-15 16:00:35.608 : [Epoch: 230/300] [Learning Rate: 0.0000125] | [L1_loss: 0.79851] [cos_loss: 0.02305] [loss: 0.79851] 
21-01-15 16:00:35.861 : ===> Save checkpoint at ./ckp/mapping/Mapping_Xencoder_wo-class_ProGAN_GAN_MSGAN_deepArch_multi-gt_v4/MappingNet_Batchsize_32_Epoch_230.pth
21-01-15 16:01:29.382 : [Epoch: 231/300] [Learning Rate: 0.0000125] | [L1_loss: 0.79882] [cos_loss: 0.02288] [loss: 0.79882] 
21-01-15 16:02:22.021 : [Epoch: 232/300] [Learning Rate: 0.0000125] | [L1_loss: 0.80110] [cos_loss: 0.02318] [loss: 0.80110] 
21-01-15 16:02:22.273 : ===> Save checkpoint at ./ckp/mapping/Mapping_Xencoder_wo-class_ProGAN_GAN_MSGAN_deepArch_multi-gt_v4/MappingNet_Batchsize_32_Epoch_232.pth
21-01-15 16:03:15.492 : [Epoch: 233/300] [Learning Rate: 0.0000125] | [L1_loss: 0.79409] [cos_loss: 0.02299] [loss: 0.79409] 
21-01-15 16:04:08.696 : [Epoch: 234/300] [Learning Rate: 0.0000125] | [L1_loss: 0.79293] [cos_loss: 0.02309] [loss: 0.79293] 
21-01-15 16:04:08.943 : ===> Save checkpoint at ./ckp/mapping/Mapping_Xencoder_wo-class_ProGAN_GAN_MSGAN_deepArch_multi-gt_v4/MappingNet_Batchsize_32_Epoch_234.pth
21-01-15 16:05:02.179 : [Epoch: 235/300] [Learning Rate: 0.0000125] | [L1_loss: 0.79023] [cos_loss: 0.02293] [loss: 0.79023] 
21-01-15 16:05:55.685 : [Epoch: 236/300] [Learning Rate: 0.0000125] | [L1_loss: 0.79260] [cos_loss: 0.02306] [loss: 0.79260] 
21-01-15 16:05:55.957 : ===> Save checkpoint at ./ckp/mapping/Mapping_Xencoder_wo-class_ProGAN_GAN_MSGAN_deepArch_multi-gt_v4/MappingNet_Batchsize_32_Epoch_236.pth
21-01-15 16:06:49.914 : [Epoch: 237/300] [Learning Rate: 0.0000125] | [L1_loss: 0.78838] [cos_loss: 0.02271] [loss: 0.78838] 
21-01-15 16:07:43.463 : [Epoch: 238/300] [Learning Rate: 0.0000125] | [L1_loss: 0.78766] [cos_loss: 0.02277] [loss: 0.78766] 
21-01-15 16:07:44.464 : ===> Save checkpoint at ./ckp/mapping/Mapping_Xencoder_wo-class_ProGAN_GAN_MSGAN_deepArch_multi-gt_v4/MappingNet_Batchsize_32_Epoch_238.pth
21-01-15 16:08:38.101 : [Epoch: 239/300] [Learning Rate: 0.0000125] | [L1_loss: 0.78627] [cos_loss: 0.02253] [loss: 0.78627] 
21-01-15 16:09:30.961 : [Epoch: 240/300] [Learning Rate: 0.0000125] | [L1_loss: 0.78612] [cos_loss: 0.02246] [loss: 0.78612] 
21-01-15 16:09:31.549 : ===> Save checkpoint at ./ckp/mapping/Mapping_Xencoder_wo-class_ProGAN_GAN_MSGAN_deepArch_multi-gt_v4/MappingNet_Batchsize_32_Epoch_240.pth
21-01-15 16:10:23.516 : [Epoch: 241/300] [Learning Rate: 0.0000063] | [L1_loss: 0.76356] [cos_loss: 0.02217] [loss: 0.76356] 
21-01-15 16:11:17.278 : [Epoch: 242/300] [Learning Rate: 0.0000063] | [L1_loss: 0.73974] [cos_loss: 0.02197] [loss: 0.73974] 
21-01-15 16:11:18.329 : ===> Save checkpoint at ./ckp/mapping/Mapping_Xencoder_wo-class_ProGAN_GAN_MSGAN_deepArch_multi-gt_v4/MappingNet_Batchsize_32_Epoch_242.pth
21-01-15 16:12:13.811 : [Epoch: 243/300] [Learning Rate: 0.0000063] | [L1_loss: 0.73252] [cos_loss: 0.02185] [loss: 0.73252] 
21-01-15 16:13:06.966 : [Epoch: 244/300] [Learning Rate: 0.0000063] | [L1_loss: 0.72951] [cos_loss: 0.02180] [loss: 0.72951] 
21-01-15 16:13:07.217 : ===> Save checkpoint at ./ckp/mapping/Mapping_Xencoder_wo-class_ProGAN_GAN_MSGAN_deepArch_multi-gt_v4/MappingNet_Batchsize_32_Epoch_244.pth
21-01-15 16:14:00.994 : [Epoch: 245/300] [Learning Rate: 0.0000063] | [L1_loss: 0.72990] [cos_loss: 0.02181] [loss: 0.72990] 
21-01-15 16:14:55.058 : [Epoch: 246/300] [Learning Rate: 0.0000063] | [L1_loss: 0.72624] [cos_loss: 0.02173] [loss: 0.72624] 
21-01-15 16:14:55.298 : ===> Save checkpoint at ./ckp/mapping/Mapping_Xencoder_wo-class_ProGAN_GAN_MSGAN_deepArch_multi-gt_v4/MappingNet_Batchsize_32_Epoch_246.pth
21-01-15 16:15:49.286 : [Epoch: 247/300] [Learning Rate: 0.0000063] | [L1_loss: 0.72790] [cos_loss: 0.02168] [loss: 0.72790] 
21-01-15 16:16:42.937 : [Epoch: 248/300] [Learning Rate: 0.0000063] | [L1_loss: 0.72945] [cos_loss: 0.02178] [loss: 0.72945] 
21-01-15 16:16:43.947 : ===> Save checkpoint at ./ckp/mapping/Mapping_Xencoder_wo-class_ProGAN_GAN_MSGAN_deepArch_multi-gt_v4/MappingNet_Batchsize_32_Epoch_248.pth
21-01-15 16:17:38.491 : [Epoch: 249/300] [Learning Rate: 0.0000063] | [L1_loss: 0.72964] [cos_loss: 0.02178] [loss: 0.72964] 
21-01-15 16:18:32.278 : [Epoch: 250/300] [Learning Rate: 0.0000063] | [L1_loss: 0.72978] [cos_loss: 0.02180] [loss: 0.72978] 
21-01-15 16:18:34.150 : ===> Save checkpoint at ./ckp/mapping/Mapping_Xencoder_wo-class_ProGAN_GAN_MSGAN_deepArch_multi-gt_v4/MappingNet_Batchsize_32_Epoch_250.pth
21-01-15 16:19:28.073 : [Epoch: 251/300] [Learning Rate: 0.0000063] | [L1_loss: 0.73084] [cos_loss: 0.02178] [loss: 0.73084] 
21-01-15 16:20:21.867 : [Epoch: 252/300] [Learning Rate: 0.0000063] | [L1_loss: 0.73084] [cos_loss: 0.02173] [loss: 0.73084] 
21-01-15 16:20:23.555 : ===> Save checkpoint at ./ckp/mapping/Mapping_Xencoder_wo-class_ProGAN_GAN_MSGAN_deepArch_multi-gt_v4/MappingNet_Batchsize_32_Epoch_252.pth
21-01-15 16:21:16.874 : [Epoch: 253/300] [Learning Rate: 0.0000063] | [L1_loss: 0.73155] [cos_loss: 0.02160] [loss: 0.73155] 
21-01-15 16:22:12.496 : [Epoch: 254/300] [Learning Rate: 0.0000063] | [L1_loss: 0.73132] [cos_loss: 0.02167] [loss: 0.73132] 
21-01-15 16:22:13.489 : ===> Save checkpoint at ./ckp/mapping/Mapping_Xencoder_wo-class_ProGAN_GAN_MSGAN_deepArch_multi-gt_v4/MappingNet_Batchsize_32_Epoch_254.pth
21-01-15 16:23:09.272 : [Epoch: 255/300] [Learning Rate: 0.0000063] | [L1_loss: 0.73005] [cos_loss: 0.02170] [loss: 0.73005] 
21-01-15 16:24:02.511 : [Epoch: 256/300] [Learning Rate: 0.0000063] | [L1_loss: 0.72709] [cos_loss: 0.02158] [loss: 0.72709] 
21-01-15 16:24:02.799 : ===> Save checkpoint at ./ckp/mapping/Mapping_Xencoder_wo-class_ProGAN_GAN_MSGAN_deepArch_multi-gt_v4/MappingNet_Batchsize_32_Epoch_256.pth
21-01-15 16:24:56.631 : [Epoch: 257/300] [Learning Rate: 0.0000063] | [L1_loss: 0.72914] [cos_loss: 0.02168] [loss: 0.72914] 
21-01-15 16:25:49.689 : [Epoch: 258/300] [Learning Rate: 0.0000063] | [L1_loss: 0.72640] [cos_loss: 0.02149] [loss: 0.72640] 
21-01-15 16:25:50.936 : ===> Save checkpoint at ./ckp/mapping/Mapping_Xencoder_wo-class_ProGAN_GAN_MSGAN_deepArch_multi-gt_v4/MappingNet_Batchsize_32_Epoch_258.pth
21-01-15 16:26:44.667 : [Epoch: 259/300] [Learning Rate: 0.0000063] | [L1_loss: 0.72650] [cos_loss: 0.02148] [loss: 0.72650] 
21-01-15 16:27:36.897 : [Epoch: 260/300] [Learning Rate: 0.0000063] | [L1_loss: 0.72563] [cos_loss: 0.02149] [loss: 0.72563] 
21-01-15 16:27:37.272 : ===> Save checkpoint at ./ckp/mapping/Mapping_Xencoder_wo-class_ProGAN_GAN_MSGAN_deepArch_multi-gt_v4/MappingNet_Batchsize_32_Epoch_260.pth
21-01-15 16:28:31.881 : [Epoch: 261/300] [Learning Rate: 0.0000063] | [L1_loss: 0.72610] [cos_loss: 0.02148] [loss: 0.72610] 
21-01-15 16:29:25.847 : [Epoch: 262/300] [Learning Rate: 0.0000063] | [L1_loss: 0.72449] [cos_loss: 0.02128] [loss: 0.72449] 
21-01-15 16:29:26.092 : ===> Save checkpoint at ./ckp/mapping/Mapping_Xencoder_wo-class_ProGAN_GAN_MSGAN_deepArch_multi-gt_v4/MappingNet_Batchsize_32_Epoch_262.pth
21-01-15 16:30:19.613 : [Epoch: 263/300] [Learning Rate: 0.0000063] | [L1_loss: 0.72528] [cos_loss: 0.02147] [loss: 0.72528] 
21-01-15 16:31:14.084 : [Epoch: 264/300] [Learning Rate: 0.0000063] | [L1_loss: 0.72347] [cos_loss: 0.02136] [loss: 0.72347] 
21-01-15 16:31:15.134 : ===> Save checkpoint at ./ckp/mapping/Mapping_Xencoder_wo-class_ProGAN_GAN_MSGAN_deepArch_multi-gt_v4/MappingNet_Batchsize_32_Epoch_264.pth
21-01-15 16:32:08.471 : [Epoch: 265/300] [Learning Rate: 0.0000063] | [L1_loss: 0.72070] [cos_loss: 0.02115] [loss: 0.72070] 
21-01-15 16:33:00.523 : [Epoch: 266/300] [Learning Rate: 0.0000063] | [L1_loss: 0.72447] [cos_loss: 0.02151] [loss: 0.72447] 
21-01-15 16:33:00.763 : ===> Save checkpoint at ./ckp/mapping/Mapping_Xencoder_wo-class_ProGAN_GAN_MSGAN_deepArch_multi-gt_v4/MappingNet_Batchsize_32_Epoch_266.pth
21-01-15 16:33:55.126 : [Epoch: 267/300] [Learning Rate: 0.0000063] | [L1_loss: 0.72259] [cos_loss: 0.02130] [loss: 0.72259] 
21-01-15 16:34:48.971 : [Epoch: 268/300] [Learning Rate: 0.0000063] | [L1_loss: 0.72149] [cos_loss: 0.02126] [loss: 0.72149] 
21-01-15 16:34:50.064 : ===> Save checkpoint at ./ckp/mapping/Mapping_Xencoder_wo-class_ProGAN_GAN_MSGAN_deepArch_multi-gt_v4/MappingNet_Batchsize_32_Epoch_268.pth
21-01-15 16:35:44.348 : [Epoch: 269/300] [Learning Rate: 0.0000063] | [L1_loss: 0.72265] [cos_loss: 0.02137] [loss: 0.72265] 
21-01-15 16:36:37.691 : [Epoch: 270/300] [Learning Rate: 0.0000063] | [L1_loss: 0.71711] [cos_loss: 0.02097] [loss: 0.71711] 
21-01-15 16:36:37.957 : ===> Save checkpoint at ./ckp/mapping/Mapping_Xencoder_wo-class_ProGAN_GAN_MSGAN_deepArch_multi-gt_v4/MappingNet_Batchsize_32_Epoch_270.pth
21-01-15 16:37:31.780 : [Epoch: 271/300] [Learning Rate: 0.0000063] | [L1_loss: 0.71730] [cos_loss: 0.02118] [loss: 0.71730] 
21-01-15 16:38:25.621 : [Epoch: 272/300] [Learning Rate: 0.0000063] | [L1_loss: 0.71711] [cos_loss: 0.02114] [loss: 0.71711] 
21-01-15 16:38:25.925 : ===> Save checkpoint at ./ckp/mapping/Mapping_Xencoder_wo-class_ProGAN_GAN_MSGAN_deepArch_multi-gt_v4/MappingNet_Batchsize_32_Epoch_272.pth
21-01-15 16:39:19.448 : [Epoch: 273/300] [Learning Rate: 0.0000063] | [L1_loss: 0.71779] [cos_loss: 0.02116] [loss: 0.71779] 
21-01-15 16:40:12.994 : [Epoch: 274/300] [Learning Rate: 0.0000063] | [L1_loss: 0.71595] [cos_loss: 0.02107] [loss: 0.71595] 
21-01-15 16:40:14.532 : ===> Save checkpoint at ./ckp/mapping/Mapping_Xencoder_wo-class_ProGAN_GAN_MSGAN_deepArch_multi-gt_v4/MappingNet_Batchsize_32_Epoch_274.pth
21-01-15 16:41:09.198 : [Epoch: 275/300] [Learning Rate: 0.0000063] | [L1_loss: 0.71552] [cos_loss: 0.02108] [loss: 0.71552] 
21-01-15 16:42:02.929 : [Epoch: 276/300] [Learning Rate: 0.0000063] | [L1_loss: 0.71623] [cos_loss: 0.02111] [loss: 0.71623] 
21-01-15 16:42:03.981 : ===> Save checkpoint at ./ckp/mapping/Mapping_Xencoder_wo-class_ProGAN_GAN_MSGAN_deepArch_multi-gt_v4/MappingNet_Batchsize_32_Epoch_276.pth
21-01-15 16:42:57.550 : [Epoch: 277/300] [Learning Rate: 0.0000063] | [L1_loss: 0.71234] [cos_loss: 0.02079] [loss: 0.71234] 
21-01-15 16:43:51.421 : [Epoch: 278/300] [Learning Rate: 0.0000063] | [L1_loss: 0.71486] [cos_loss: 0.02098] [loss: 0.71486] 
21-01-15 16:43:52.553 : ===> Save checkpoint at ./ckp/mapping/Mapping_Xencoder_wo-class_ProGAN_GAN_MSGAN_deepArch_multi-gt_v4/MappingNet_Batchsize_32_Epoch_278.pth
21-01-15 16:44:46.686 : [Epoch: 279/300] [Learning Rate: 0.0000063] | [L1_loss: 0.71524] [cos_loss: 0.02102] [loss: 0.71524] 
21-01-15 16:45:40.319 : [Epoch: 280/300] [Learning Rate: 0.0000063] | [L1_loss: 0.71442] [cos_loss: 0.02100] [loss: 0.71442] 
21-01-15 16:45:41.497 : ===> Save checkpoint at ./ckp/mapping/Mapping_Xencoder_wo-class_ProGAN_GAN_MSGAN_deepArch_multi-gt_v4/MappingNet_Batchsize_32_Epoch_280.pth
21-01-15 16:46:35.949 : [Epoch: 281/300] [Learning Rate: 0.0000063] | [L1_loss: 0.71225] [cos_loss: 0.02086] [loss: 0.71225] 
21-01-15 16:47:30.875 : [Epoch: 282/300] [Learning Rate: 0.0000063] | [L1_loss: 0.71404] [cos_loss: 0.02096] [loss: 0.71404] 
21-01-15 16:47:31.758 : ===> Save checkpoint at ./ckp/mapping/Mapping_Xencoder_wo-class_ProGAN_GAN_MSGAN_deepArch_multi-gt_v4/MappingNet_Batchsize_32_Epoch_282.pth
21-01-15 16:48:25.805 : [Epoch: 283/300] [Learning Rate: 0.0000063] | [L1_loss: 0.71269] [cos_loss: 0.02093] [loss: 0.71269] 
21-01-15 16:49:19.939 : [Epoch: 284/300] [Learning Rate: 0.0000063] | [L1_loss: 0.71060] [cos_loss: 0.02085] [loss: 0.71060] 
21-01-15 16:49:21.937 : ===> Save checkpoint at ./ckp/mapping/Mapping_Xencoder_wo-class_ProGAN_GAN_MSGAN_deepArch_multi-gt_v4/MappingNet_Batchsize_32_Epoch_284.pth
21-01-15 16:50:15.540 : [Epoch: 285/300] [Learning Rate: 0.0000063] | [L1_loss: 0.71090] [cos_loss: 0.02084] [loss: 0.71090] 
21-01-15 16:51:09.649 : [Epoch: 286/300] [Learning Rate: 0.0000063] | [L1_loss: 0.70908] [cos_loss: 0.02078] [loss: 0.70908] 
21-01-15 16:51:09.919 : ===> Save checkpoint at ./ckp/mapping/Mapping_Xencoder_wo-class_ProGAN_GAN_MSGAN_deepArch_multi-gt_v4/MappingNet_Batchsize_32_Epoch_286.pth
21-01-15 16:52:03.446 : [Epoch: 287/300] [Learning Rate: 0.0000063] | [L1_loss: 0.71031] [cos_loss: 0.02075] [loss: 0.71031] 
21-01-15 16:52:57.131 : [Epoch: 288/300] [Learning Rate: 0.0000063] | [L1_loss: 0.70888] [cos_loss: 0.02077] [loss: 0.70888] 
21-01-15 16:52:58.130 : ===> Save checkpoint at ./ckp/mapping/Mapping_Xencoder_wo-class_ProGAN_GAN_MSGAN_deepArch_multi-gt_v4/MappingNet_Batchsize_32_Epoch_288.pth
21-01-15 16:53:51.096 : [Epoch: 289/300] [Learning Rate: 0.0000063] | [L1_loss: 0.70695] [cos_loss: 0.02070] [loss: 0.70695] 
21-01-15 16:54:43.987 : [Epoch: 290/300] [Learning Rate: 0.0000063] | [L1_loss: 0.70649] [cos_loss: 0.02066] [loss: 0.70649] 
21-01-15 16:54:45.303 : ===> Save checkpoint at ./ckp/mapping/Mapping_Xencoder_wo-class_ProGAN_GAN_MSGAN_deepArch_multi-gt_v4/MappingNet_Batchsize_32_Epoch_290.pth
21-01-15 16:55:37.666 : [Epoch: 291/300] [Learning Rate: 0.0000063] | [L1_loss: 0.70253] [cos_loss: 0.02030] [loss: 0.70253] 
21-01-15 16:56:31.422 : [Epoch: 292/300] [Learning Rate: 0.0000063] | [L1_loss: 0.70496] [cos_loss: 0.02062] [loss: 0.70496] 
21-01-15 16:56:32.524 : ===> Save checkpoint at ./ckp/mapping/Mapping_Xencoder_wo-class_ProGAN_GAN_MSGAN_deepArch_multi-gt_v4/MappingNet_Batchsize_32_Epoch_292.pth
21-01-15 16:57:25.758 : [Epoch: 293/300] [Learning Rate: 0.0000063] | [L1_loss: 0.70487] [cos_loss: 0.02064] [loss: 0.70487] 
21-01-15 16:58:19.301 : [Epoch: 294/300] [Learning Rate: 0.0000063] | [L1_loss: 0.70397] [cos_loss: 0.02053] [loss: 0.70397] 
21-01-15 16:58:20.362 : ===> Save checkpoint at ./ckp/mapping/Mapping_Xencoder_wo-class_ProGAN_GAN_MSGAN_deepArch_multi-gt_v4/MappingNet_Batchsize_32_Epoch_294.pth
21-01-15 16:59:13.516 : [Epoch: 295/300] [Learning Rate: 0.0000063] | [L1_loss: 0.70071] [cos_loss: 0.02027] [loss: 0.70071] 
21-01-15 17:00:07.175 : [Epoch: 296/300] [Learning Rate: 0.0000063] | [L1_loss: 0.70396] [cos_loss: 0.02059] [loss: 0.70396] 
21-01-15 17:00:08.155 : ===> Save checkpoint at ./ckp/mapping/Mapping_Xencoder_wo-class_ProGAN_GAN_MSGAN_deepArch_multi-gt_v4/MappingNet_Batchsize_32_Epoch_296.pth
21-01-15 17:01:01.922 : [Epoch: 297/300] [Learning Rate: 0.0000063] | [L1_loss: 0.70225] [cos_loss: 0.02048] [loss: 0.70225] 
21-01-15 17:01:55.702 : [Epoch: 298/300] [Learning Rate: 0.0000063] | [L1_loss: 0.70055] [cos_loss: 0.02045] [loss: 0.70055] 
21-01-15 17:01:57.378 : ===> Save checkpoint at ./ckp/mapping/Mapping_Xencoder_wo-class_ProGAN_GAN_MSGAN_deepArch_multi-gt_v4/MappingNet_Batchsize_32_Epoch_298.pth
21-01-15 17:02:54.936 : [Epoch: 299/300] [Learning Rate: 0.0000063] | [L1_loss: 0.69843] [cos_loss: 0.02040] [loss: 0.69843] 
